2019-11-24 15:08:42.043  INFO 8266 --- [main] c.e.p5.SafetyNetAlertsApplicationTests   : Starting SafetyNetAlertsApplicationTests on yo-Geraet with PID 8266 (started by yo in /media/yo/General Storing/DISCO D/eclipse-workspace/p5)
2019-11-24 15:08:42.047  INFO 8266 --- [main] c.e.p5.SafetyNetAlertsApplicationTests   : No active profile set, falling back to default profiles: default
2019-11-24 15:08:44.563  INFO 8266 --- [main] .s.d.r.c.RepositoryConfigurationDelegate : Bootstrapping Spring Data repositories in DEFAULT mode.
2019-11-24 15:08:44.637  INFO 8266 --- [main] .s.d.r.c.RepositoryConfigurationDelegate : Finished Spring Data repository scanning in 53ms. Found 0 repository interfaces.
2019-11-24 15:08:45.847  INFO 8266 --- [main] trationDelegate$BeanPostProcessorChecker : Bean 'org.springframework.transaction.annotation.ProxyTransactionManagementConfiguration' of type [org.springframework.transaction.annotation.ProxyTransactionManagementConfiguration$$EnhancerBySpringCGLIB$$ce596b43] is not eligible for getting processed by all BeanPostProcessors (for example: not eligible for auto-proxying)
2019-11-24 15:08:46.374  INFO 8266 --- [main] com.zaxxer.hikari.HikariDataSource       : HikariPool-1 - Starting...
2019-11-24 15:08:47.098  INFO 8266 --- [main] com.zaxxer.hikari.HikariDataSource       : HikariPool-1 - Start completed.
2019-11-24 15:08:47.402  INFO 8266 --- [main] o.hibernate.jpa.internal.util.LogHelper  : HHH000204: Processing PersistenceUnitInfo [
	name: default
	...]
2019-11-24 15:08:47.610  INFO 8266 --- [main] org.hibernate.Version                    : HHH000412: Hibernate Core {5.3.12.Final}
2019-11-24 15:08:47.614  INFO 8266 --- [main] org.hibernate.cfg.Environment            : HHH000206: hibernate.properties not found
2019-11-24 15:08:48.022  INFO 8266 --- [main] o.hibernate.annotations.common.Version   : HCANN000001: Hibernate Commons Annotations {5.0.4.Final}
2019-11-24 15:08:48.496  INFO 8266 --- [main] org.hibernate.dialect.Dialect            : HHH000400: Using dialect: org.hibernate.dialect.H2Dialect
2019-11-24 15:08:49.084  INFO 8266 --- [main] o.h.t.schema.internal.SchemaCreatorImpl  : HHH000476: Executing import script 'org.hibernate.tool.schema.internal.exec.ScriptSourceInputNonExistentImpl@13aa55c8'
2019-11-24 15:08:49.091  INFO 8266 --- [main] j.LocalContainerEntityManagerFactoryBean : Initialized JPA EntityManagerFactory for persistence unit 'default'
2019-11-24 15:08:50.640  INFO 8266 --- [main] o.s.s.concurrent.ThreadPoolTaskExecutor  : Initializing ExecutorService 'applicationTaskExecutor'
2019-11-24 15:08:50.756  WARN 8266 --- [main] aWebConfiguration$JpaWebMvcConfiguration : spring.jpa.open-in-view is enabled by default. Therefore, database queries may be performed during view rendering. Explicitly configure spring.jpa.open-in-view to disable this warning
2019-11-24 15:08:52.401  INFO 8266 --- [main] o.s.b.a.e.web.EndpointLinksResolver      : Exposing 4 endpoint(s) beneath base path '/actuator'
2019-11-24 15:08:52.519  INFO 8266 --- [main] c.e.p5.SafetyNetAlertsApplicationTests   : Started SafetyNetAlertsApplicationTests in 11.421 seconds (JVM running for 14.125)
2019-11-24 15:08:54.094  INFO 8266 --- [Thread-2] o.s.s.concurrent.ThreadPoolTaskExecutor  : Shutting down ExecutorService 'applicationTaskExecutor'
2019-11-24 15:08:54.102  INFO 8266 --- [Thread-2] j.LocalContainerEntityManagerFactoryBean : Closing JPA EntityManagerFactory for persistence unit 'default'
2019-11-24 15:08:54.103  INFO 8266 --- [Thread-2] .SchemaDropperImpl$DelayedDropActionImpl : HHH000477: Starting delayed evictData of schema as part of SessionFactory shut-down'
2019-11-24 15:08:54.106  INFO 8266 --- [Thread-2] com.zaxxer.hikari.HikariDataSource       : HikariPool-1 - Shutdown initiated...
2019-11-24 15:08:54.112  INFO 8266 --- [Thread-2] com.zaxxer.hikari.HikariDataSource       : HikariPool-1 - Shutdown completed.
2019-11-24 15:34:29.543  INFO 9379 --- [main] c.e.p5.SafetyNetAlertsApplicationTests   : Starting SafetyNetAlertsApplicationTests on yo-Geraet with PID 9379 (started by yo in /media/yo/General Storing/DISCO D/eclipse-workspace/p5)
2019-11-24 15:34:29.548  INFO 9379 --- [main] c.e.p5.SafetyNetAlertsApplicationTests   : No active profile set, falling back to default profiles: default
2019-11-24 15:34:32.040  INFO 9379 --- [main] .s.d.r.c.RepositoryConfigurationDelegate : Bootstrapping Spring Data repositories in DEFAULT mode.
2019-11-24 15:34:32.106  INFO 9379 --- [main] .s.d.r.c.RepositoryConfigurationDelegate : Finished Spring Data repository scanning in 45ms. Found 0 repository interfaces.
2019-11-24 15:34:33.237  INFO 9379 --- [main] trationDelegate$BeanPostProcessorChecker : Bean 'org.springframework.transaction.annotation.ProxyTransactionManagementConfiguration' of type [org.springframework.transaction.annotation.ProxyTransactionManagementConfiguration$$EnhancerBySpringCGLIB$$508d2ab2] is not eligible for getting processed by all BeanPostProcessors (for example: not eligible for auto-proxying)
2019-11-24 15:34:33.722  INFO 9379 --- [main] com.zaxxer.hikari.HikariDataSource       : HikariPool-1 - Starting...
2019-11-24 15:34:34.324  INFO 9379 --- [main] com.zaxxer.hikari.HikariDataSource       : HikariPool-1 - Start completed.
2019-11-24 15:34:34.538  INFO 9379 --- [main] o.hibernate.jpa.internal.util.LogHelper  : HHH000204: Processing PersistenceUnitInfo [
	name: default
	...]
2019-11-24 15:34:34.721  INFO 9379 --- [main] org.hibernate.Version                    : HHH000412: Hibernate Core {5.3.12.Final}
2019-11-24 15:34:34.725  INFO 9379 --- [main] org.hibernate.cfg.Environment            : HHH000206: hibernate.properties not found
2019-11-24 15:34:35.113  INFO 9379 --- [main] o.hibernate.annotations.common.Version   : HCANN000001: Hibernate Commons Annotations {5.0.4.Final}
2019-11-24 15:34:35.555  INFO 9379 --- [main] org.hibernate.dialect.Dialect            : HHH000400: Using dialect: org.hibernate.dialect.H2Dialect
2019-11-24 15:34:36.250  INFO 9379 --- [main] o.h.t.schema.internal.SchemaCreatorImpl  : HHH000476: Executing import script 'org.hibernate.tool.schema.internal.exec.ScriptSourceInputNonExistentImpl@16f1ef37'
2019-11-24 15:34:36.257  INFO 9379 --- [main] j.LocalContainerEntityManagerFactoryBean : Initialized JPA EntityManagerFactory for persistence unit 'default'
2019-11-24 15:34:38.300  INFO 9379 --- [main] o.s.s.concurrent.ThreadPoolTaskExecutor  : Initializing ExecutorService 'applicationTaskExecutor'
2019-11-24 15:34:38.485  WARN 9379 --- [main] aWebConfiguration$JpaWebMvcConfiguration : spring.jpa.open-in-view is enabled by default. Therefore, database queries may be performed during view rendering. Explicitly configure spring.jpa.open-in-view to disable this warning
2019-11-24 15:34:40.690  INFO 9379 --- [main] o.s.b.a.e.web.EndpointLinksResolver      : Exposing 4 endpoint(s) beneath base path '/actuator'
2019-11-24 15:34:40.826  INFO 9379 --- [main] c.e.p5.SafetyNetAlertsApplicationTests   : Started SafetyNetAlertsApplicationTests in 12.179 seconds (JVM running for 14.854)
2019-11-24 15:34:42.964  INFO 9379 --- [Thread-2] o.s.s.concurrent.ThreadPoolTaskExecutor  : Shutting down ExecutorService 'applicationTaskExecutor'
2019-11-24 15:34:42.968  INFO 9379 --- [Thread-2] j.LocalContainerEntityManagerFactoryBean : Closing JPA EntityManagerFactory for persistence unit 'default'
2019-11-24 15:34:42.969  INFO 9379 --- [Thread-2] .SchemaDropperImpl$DelayedDropActionImpl : HHH000477: Starting delayed evictData of schema as part of SessionFactory shut-down'
2019-11-24 15:34:42.973  INFO 9379 --- [Thread-2] com.zaxxer.hikari.HikariDataSource       : HikariPool-1 - Shutdown initiated...
2019-11-24 15:34:42.979  INFO 9379 --- [Thread-2] com.zaxxer.hikari.HikariDataSource       : HikariPool-1 - Shutdown completed.
2019-11-24 15:35:01.027  INFO 9468 --- [main] c.e.p5.SafetyNetAlertsApplicationTests   : Starting SafetyNetAlertsApplicationTests on yo-Geraet with PID 9468 (started by yo in /media/yo/General Storing/DISCO D/eclipse-workspace/p5)
2019-11-24 15:35:01.029  INFO 9468 --- [main] c.e.p5.SafetyNetAlertsApplicationTests   : No active profile set, falling back to default profiles: default
2019-11-24 15:35:03.543  INFO 9468 --- [main] .s.d.r.c.RepositoryConfigurationDelegate : Bootstrapping Spring Data repositories in DEFAULT mode.
2019-11-24 15:35:03.647  INFO 9468 --- [main] .s.d.r.c.RepositoryConfigurationDelegate : Finished Spring Data repository scanning in 70ms. Found 0 repository interfaces.
2019-11-24 15:35:04.803  INFO 9468 --- [main] trationDelegate$BeanPostProcessorChecker : Bean 'org.springframework.transaction.annotation.ProxyTransactionManagementConfiguration' of type [org.springframework.transaction.annotation.ProxyTransactionManagementConfiguration$$EnhancerBySpringCGLIB$$25f52303] is not eligible for getting processed by all BeanPostProcessors (for example: not eligible for auto-proxying)
2019-11-24 15:35:05.330  INFO 9468 --- [main] com.zaxxer.hikari.HikariDataSource       : HikariPool-1 - Starting...
2019-11-24 15:35:05.790  INFO 9468 --- [main] com.zaxxer.hikari.HikariDataSource       : HikariPool-1 - Start completed.
2019-11-24 15:35:06.053  INFO 9468 --- [main] o.hibernate.jpa.internal.util.LogHelper  : HHH000204: Processing PersistenceUnitInfo [
	name: default
	...]
2019-11-24 15:35:06.250  INFO 9468 --- [main] org.hibernate.Version                    : HHH000412: Hibernate Core {5.3.12.Final}
2019-11-24 15:35:06.262  INFO 9468 --- [main] org.hibernate.cfg.Environment            : HHH000206: hibernate.properties not found
2019-11-24 15:35:06.683  INFO 9468 --- [main] o.hibernate.annotations.common.Version   : HCANN000001: Hibernate Commons Annotations {5.0.4.Final}
2019-11-24 15:35:07.083  INFO 9468 --- [main] org.hibernate.dialect.Dialect            : HHH000400: Using dialect: org.hibernate.dialect.H2Dialect
2019-11-24 15:35:07.688  INFO 9468 --- [main] o.h.t.schema.internal.SchemaCreatorImpl  : HHH000476: Executing import script 'org.hibernate.tool.schema.internal.exec.ScriptSourceInputNonExistentImpl@29147c12'
2019-11-24 15:35:07.695  INFO 9468 --- [main] j.LocalContainerEntityManagerFactoryBean : Initialized JPA EntityManagerFactory for persistence unit 'default'
2019-11-24 15:35:09.851  INFO 9468 --- [main] o.s.s.concurrent.ThreadPoolTaskExecutor  : Initializing ExecutorService 'applicationTaskExecutor'
2019-11-24 15:35:09.993  WARN 9468 --- [main] aWebConfiguration$JpaWebMvcConfiguration : spring.jpa.open-in-view is enabled by default. Therefore, database queries may be performed during view rendering. Explicitly configure spring.jpa.open-in-view to disable this warning
2019-11-24 15:35:12.211  INFO 9468 --- [main] o.s.b.a.e.web.EndpointLinksResolver      : Exposing 4 endpoint(s) beneath base path '/actuator'
2019-11-24 15:35:12.357  INFO 9468 --- [main] c.e.p5.SafetyNetAlertsApplicationTests   : Started SafetyNetAlertsApplicationTests in 12.55 seconds (JVM running for 14.321)
2019-11-24 15:35:12.898  INFO 9468 --- [Thread-1] o.s.s.concurrent.ThreadPoolTaskExecutor  : Shutting down ExecutorService 'applicationTaskExecutor'
2019-11-24 15:35:12.905  INFO 9468 --- [Thread-1] j.LocalContainerEntityManagerFactoryBean : Closing JPA EntityManagerFactory for persistence unit 'default'
2019-11-24 15:35:12.906  INFO 9468 --- [Thread-1] .SchemaDropperImpl$DelayedDropActionImpl : HHH000477: Starting delayed evictData of schema as part of SessionFactory shut-down'
2019-11-24 15:35:12.909  INFO 9468 --- [Thread-1] com.zaxxer.hikari.HikariDataSource       : HikariPool-1 - Shutdown initiated...
2019-11-24 15:35:12.938  INFO 9468 --- [Thread-1] com.zaxxer.hikari.HikariDataSource       : HikariPool-1 - Shutdown completed.
2019-11-24 15:35:37.261  INFO 9877 --- [main] c.emmardo.p5.SafetyNetAlertsApplication  : Starting SafetyNetAlertsApplication on yo-Geraet with PID 9877 (started by yo in /media/yo/General Storing/DISCO D/eclipse-workspace/p5)
2019-11-24 15:35:37.268  INFO 9877 --- [main] c.emmardo.p5.SafetyNetAlertsApplication  : No active profile set, falling back to default profiles: default
2019-11-24 15:35:38.402  INFO 9877 --- [main] .s.d.r.c.RepositoryConfigurationDelegate : Bootstrapping Spring Data repositories in DEFAULT mode.
2019-11-24 15:35:38.431  INFO 9877 --- [main] .s.d.r.c.RepositoryConfigurationDelegate : Finished Spring Data repository scanning in 21ms. Found 0 repository interfaces.
2019-11-24 15:35:38.798  INFO 9877 --- [main] trationDelegate$BeanPostProcessorChecker : Bean 'org.springframework.transaction.annotation.ProxyTransactionManagementConfiguration' of type [org.springframework.transaction.annotation.ProxyTransactionManagementConfiguration$$EnhancerBySpringCGLIB$$c8a56a85] is not eligible for getting processed by all BeanPostProcessors (for example: not eligible for auto-proxying)
2019-11-24 15:35:39.199  INFO 9877 --- [main] o.s.b.w.embedded.tomcat.TomcatWebServer  : Tomcat initialized with port(s): 8080 (http)
2019-11-24 15:35:39.235  INFO 9877 --- [main] o.apache.catalina.core.StandardService   : Starting service [Tomcat]
2019-11-24 15:35:39.236  INFO 9877 --- [main] org.apache.catalina.core.StandardEngine  : Starting Servlet engine: [Apache Tomcat/9.0.26]
2019-11-24 15:35:39.332  INFO 9877 --- [main] o.a.c.c.C.[Tomcat].[localhost].[/]       : Initializing Spring embedded WebApplicationContext
2019-11-24 15:35:39.332  INFO 9877 --- [main] o.s.web.context.ContextLoader            : Root WebApplicationContext: initialization completed in 1944 ms
2019-11-24 15:35:39.855  INFO 9877 --- [main] com.zaxxer.hikari.HikariDataSource       : HikariPool-1 - Starting...
2019-11-24 15:35:39.940  INFO 9877 --- [main] com.zaxxer.hikari.HikariDataSource       : HikariPool-1 - Start completed.
2019-11-24 15:35:39.991  INFO 9877 --- [main] o.hibernate.jpa.internal.util.LogHelper  : HHH000204: Processing PersistenceUnitInfo [
	name: default
	...]
2019-11-24 15:35:40.046  INFO 9877 --- [main] org.hibernate.Version                    : HHH000412: Hibernate Core {5.3.12.Final}
2019-11-24 15:35:40.048  INFO 9877 --- [main] org.hibernate.cfg.Environment            : HHH000206: hibernate.properties not found
2019-11-24 15:35:40.168  INFO 9877 --- [main] o.hibernate.annotations.common.Version   : HCANN000001: Hibernate Commons Annotations {5.0.4.Final}
2019-11-24 15:35:40.290  INFO 9877 --- [main] org.hibernate.dialect.Dialect            : HHH000400: Using dialect: org.hibernate.dialect.H2Dialect
2019-11-24 15:35:40.459  INFO 9877 --- [main] o.h.t.schema.internal.SchemaCreatorImpl  : HHH000476: Executing import script 'org.hibernate.tool.schema.internal.exec.ScriptSourceInputNonExistentImpl@702096ef'
2019-11-24 15:35:40.463  INFO 9877 --- [main] j.LocalContainerEntityManagerFactoryBean : Initialized JPA EntityManagerFactory for persistence unit 'default'
2019-11-24 15:35:40.722  INFO 9877 --- [main] o.s.s.concurrent.ThreadPoolTaskExecutor  : Initializing ExecutorService 'applicationTaskExecutor'
2019-11-24 15:35:40.780  WARN 9877 --- [main] aWebConfiguration$JpaWebMvcConfiguration : spring.jpa.open-in-view is enabled by default. Therefore, database queries may be performed during view rendering. Explicitly configure spring.jpa.open-in-view to disable this warning
2019-11-24 15:35:41.221  INFO 9877 --- [main] o.s.b.a.e.web.EndpointLinksResolver      : Exposing 4 endpoint(s) beneath base path '/actuator'
2019-11-24 15:35:41.336  INFO 9877 --- [main] o.s.b.w.embedded.tomcat.TomcatWebServer  : Tomcat started on port(s): 8080 (http) with context path ''
2019-11-24 15:35:41.340  INFO 9877 --- [main] c.emmardo.p5.SafetyNetAlertsApplication  : Started SafetyNetAlertsApplication in 4.773 seconds (JVM running for 5.81)
2019-11-24 15:35:41.643  INFO 9877 --- [RMI TCP Connection(1)-127.0.0.1] o.a.c.c.C.[Tomcat].[localhost].[/]       : Initializing Spring DispatcherServlet 'dispatcherServlet'
2019-11-24 15:35:41.645  INFO 9877 --- [RMI TCP Connection(1)-127.0.0.1] o.s.web.servlet.DispatcherServlet        : Initializing Servlet 'dispatcherServlet'
2019-11-24 15:35:41.654  INFO 9877 --- [RMI TCP Connection(1)-127.0.0.1] o.s.web.servlet.DispatcherServlet        : Completed initialization in 9 ms
2019-11-24 15:35:57.290  INFO 9877 --- [http-nio-8080-exec-1] com.emmardo.p5.person.PersonController   : getAllPersons() called
2019-11-24 15:36:52.228  INFO 9877 --- [http-nio-8080-exec-3] c.e.p.firestation.FireStationController  : getAllFireStations() called
2019-11-24 15:38:21.850  INFO 9877 --- [http-nio-8080-exec-7] c.e.p.firestation.FireStationController  : getAllFireStations() called
2019-11-24 15:38:52.309  INFO 9877 --- [http-nio-8080-exec-8] c.e.p.m.MedicalRecordController          : getAllMedicalRecords() called
2019-11-24 15:39:09.866  INFO 9877 --- [Thread-2] o.s.s.concurrent.ThreadPoolTaskExecutor  : Shutting down ExecutorService 'applicationTaskExecutor'
2019-11-24 15:39:09.868  INFO 9877 --- [Thread-2] j.LocalContainerEntityManagerFactoryBean : Closing JPA EntityManagerFactory for persistence unit 'default'
2019-11-24 15:39:09.868  INFO 9877 --- [Thread-2] .SchemaDropperImpl$DelayedDropActionImpl : HHH000477: Starting delayed evictData of schema as part of SessionFactory shut-down'
2019-11-24 15:39:09.872  INFO 9877 --- [Thread-2] com.zaxxer.hikari.HikariDataSource       : HikariPool-1 - Shutdown initiated...
2019-11-24 15:39:09.874  INFO 9877 --- [Thread-2] com.zaxxer.hikari.HikariDataSource       : HikariPool-1 - Shutdown completed.
